{"synthetic": false,
 "schemaVersion": "2025-09-10",
 "outputs":
 {"o": ["fd55707324c49fa1.olean"],
  "i": "a50b3da3b26b1ecb.ilean",
  "c": "946f94b5e098e40b.c"},
 "log":
 [{"message":
   ".> LEAN_PATH=/Users/codymitchell/Documents/code/sunflower-lean/.lake/packages/Cli/.lake/build/lib/lean:/Users/codymitchell/Documents/code/sunflower-lean/.lake/packages/batteries/.lake/build/lib/lean:/Users/codymitchell/Documents/code/sunflower-lean/.lake/packages/Qq/.lake/build/lib/lean:/Users/codymitchell/Documents/code/sunflower-lean/.lake/packages/aesop/.lake/build/lib/lean:/Users/codymitchell/Documents/code/sunflower-lean/.lake/packages/proofwidgets/.lake/build/lib/lean:/Users/codymitchell/Documents/code/sunflower-lean/.lake/packages/importGraph/.lake/build/lib/lean:/Users/codymitchell/Documents/code/sunflower-lean/.lake/packages/LeanSearchClient/.lake/build/lib/lean:/Users/codymitchell/Documents/code/sunflower-lean/.lake/packages/plausible/.lake/build/lib/lean:/Users/codymitchell/Documents/code/sunflower-lean/.lake/packages/mathlib/.lake/build/lib/lean:/Users/codymitchell/Documents/code/sunflower-lean/.lake/build/lib/lean /Users/codymitchell/.elan/toolchains/leanprover--lean4---v4.26.0/bin/lean /Users/codymitchell/Documents/code/sunflower-lean/SunflowerLean.lean -o /Users/codymitchell/Documents/code/sunflower-lean/.lake/build/lib/lean/SunflowerLean.olean -i /Users/codymitchell/Documents/code/sunflower-lean/.lake/build/lib/lean/SunflowerLean.ilean -c /Users/codymitchell/Documents/code/sunflower-lean/.lake/build/ir/SunflowerLean.c --setup /Users/codymitchell/Documents/code/sunflower-lean/.lake/build/ir/SunflowerLean.setup.json --json",
   "level": "trace"}],
 "inputs":
 [["SunflowerLean:deps",
   [["deps",
     [["sunflower_lean/SunflowerLean:extraDep",
       [["@sunflower_lean:extraDep", "00000000000006bb"]]],
      ["imports",
       [["SunflowerLean.Basic transitive imports (legacy)", "3ce917a07698e3d7"],
        ["SunflowerLean.Basic:importAllArts", "6ee1bccd1d723faf"],
        ["SunflowerLean.Slice transitive imports (legacy)", "ba3805f660f3b614"],
        ["SunflowerLean.Slice:importAllArts", "37bc414d42e2c237"],
        ["SunflowerLean.Recurrence transitive imports (legacy)",
         "fa4dc4ed83058efe"],
        ["SunflowerLean.Recurrence:importAllArts", "edc23b5519fcc888"],
        ["SunflowerLean.Spread transitive imports (legacy)",
         "3a7a45a7afc3fe86"],
        ["SunflowerLean.Spread:importAllArts", "fcdda3cca72e7163"],
        ["SunflowerLean.LocalTuran transitive imports (legacy)",
         "afd69a83fb5ac9c6"],
        ["SunflowerLean.LocalTuran:importAllArts", "587aaad4301f9c53"],
        ["SunflowerLean.BalanceCore transitive imports (legacy)",
         "14bf5efddd0d06b9"],
        ["SunflowerLean.BalanceCore:importAllArts", "3ec1614c5397186b"],
        ["SunflowerLean.PairWeight transitive imports (legacy)",
         "2a266efb694cae5d"],
        ["SunflowerLean.PairWeight:importAllArts", "2dc6038c11b72d13"],
        ["SunflowerLean.UnionBounds transitive imports (legacy)",
         "7458f594113776ab"],
        ["SunflowerLean.UnionBounds:importAllArts", "73496c366e9c26de"],
        ["SunflowerLean.SpreadBalance transitive imports (legacy)",
         "4444a60683bcfb77"],
        ["SunflowerLean.SpreadBalance:importAllArts", "7f7dd2d7497933d0"],
        ["SunflowerLean.Container transitive imports (legacy)",
         "edce0eff79ce9a39"],
        ["SunflowerLean.Container:importAllArts", "784f4168a4de1a4e"],
        ["SunflowerLean.SmallCases transitive imports (legacy)",
         "5a2e6841ab689acd"],
        ["SunflowerLean.SmallCases:importAllArts", "527324209b2c59f5"],
        ["SunflowerLean.SATNative transitive imports (legacy)",
         "00000000000006bb"],
        ["SunflowerLean.SATNative:importAllArts", "d68ab74b8a56fad9"],
        ["SunflowerLean.SATBridge transitive imports (legacy)",
         "60b8604bea948108"],
        ["SunflowerLean.SATBridge:importAllArts", "45e2c634e24504fe"],
        ["SunflowerLean.SATUpperBound transitive imports (legacy)",
         "2717a49876f8b26f"],
        ["SunflowerLean.SATUpperBound:importAllArts", "b261a102776395d8"],
        ["SunflowerLean.ErdosProblem20 transitive imports (legacy)",
         "83d60e5c8760e371"],
        ["SunflowerLean.ErdosProblem20:importAllArts", "e2f57de6c7aa7494"]]]]],
    ["libs",
     [["import dynlibs", "00000000000006bb"],
      ["package external libraries", "00000000000006bb"],
      ["module dynlibs", "00000000000006bb"],
      ["module plugins", "00000000000006bb"]]]]],
  ["Lean 4.26.0, commit d8204c9fd894f91bbb2cdfec5912ec8196fd8562",
   "9c9419104e9584f8"],
  ["/Users/codymitchell/Documents/code/sunflower-lean/SunflowerLean.lean",
   "331626cc763fa716"],
  ["options",
   [["-DmaxSynthPendingDepth=3", "c78e353d34de85d4"],
    ["-Dweak.linter.mathlibStandardSet=true", "8a155799906f2b42"],
    ["-DrelaxedAutoImplicit=false", "74a2b5546b55be80"],
    ["-Dpp.unicode.fun=true", "9b94070140457fab"]]],
  ["Module.leanArgs: #[]", "00000000000006bb"]],
 "depHash": "fb7c735021b52054"}