{"synthetic": false,
 "schemaVersion": "2025-09-10",
 "outputs":
 {"o": ["19f6aa7eab137d41.olean"],
  "i": "dca4314111ebccf5.ilean",
  "c": "8f3e17bd26040021.c"},
 "log":
 [{"message":
   ".> LEAN_PATH=/Users/codymitchell/Documents/code/sunflower-lean/.lake/packages/Cli/.lake/build/lib/lean:/Users/codymitchell/Documents/code/sunflower-lean/.lake/packages/batteries/.lake/build/lib/lean:/Users/codymitchell/Documents/code/sunflower-lean/.lake/packages/Qq/.lake/build/lib/lean:/Users/codymitchell/Documents/code/sunflower-lean/.lake/packages/aesop/.lake/build/lib/lean:/Users/codymitchell/Documents/code/sunflower-lean/.lake/packages/proofwidgets/.lake/build/lib/lean:/Users/codymitchell/Documents/code/sunflower-lean/.lake/packages/importGraph/.lake/build/lib/lean:/Users/codymitchell/Documents/code/sunflower-lean/.lake/packages/LeanSearchClient/.lake/build/lib/lean:/Users/codymitchell/Documents/code/sunflower-lean/.lake/packages/plausible/.lake/build/lib/lean:/Users/codymitchell/Documents/code/sunflower-lean/.lake/packages/mathlib/.lake/build/lib/lean:/Users/codymitchell/Documents/code/sunflower-lean/.lake/build/lib/lean /Users/codymitchell/.elan/toolchains/leanprover--lean4---v4.26.0/bin/lean /Users/codymitchell/Documents/code/sunflower-lean/SunflowerLean/BalanceCore.lean -o /Users/codymitchell/Documents/code/sunflower-lean/.lake/build/lib/lean/SunflowerLean/BalanceCore.olean -i /Users/codymitchell/Documents/code/sunflower-lean/.lake/build/lib/lean/SunflowerLean/BalanceCore.ilean -c /Users/codymitchell/Documents/code/sunflower-lean/.lake/build/ir/SunflowerLean/BalanceCore.c --setup /Users/codymitchell/Documents/code/sunflower-lean/.lake/build/ir/SunflowerLean/BalanceCore.setup.json --json",
   "level": "trace"}],
 "inputs":
 [["SunflowerLean.BalanceCore:deps",
   [["deps",
     [["sunflower_lean/SunflowerLean:extraDep",
       [["@sunflower_lean:extraDep", "00000000000006bb"]]],
      ["imports",
       [["Mathlib.Data.Finset.Basic transitive imports (legacy)",
         "77a84be61c8ea562"],
        ["Mathlib.Data.Finset.Basic:importAllArts", "c4c3c73d1e5c9d34"],
        ["Mathlib.Data.Finset.Card transitive imports (legacy)",
         "2114d0a4bbc2b326"],
        ["Mathlib.Data.Finset.Card:importAllArts", "31a32c8cd5d267a2"],
        ["Mathlib.Data.Finset.Powerset transitive imports (legacy)",
         "9848e85b2cdbb6bd"],
        ["Mathlib.Data.Finset.Powerset:importAllArts", "33851771b047f901"],
        ["Mathlib.Data.Finset.SDiff transitive imports (legacy)",
         "fa6d81406180057b"],
        ["Mathlib.Data.Finset.SDiff:importAllArts", "f7931f64d370236d"],
        ["Mathlib.Data.Rat.Defs transitive imports (legacy)",
         "0e4ec4a925ccc532"],
        ["Mathlib.Data.Rat.Defs:importAllArts", "84d1610618907367"],
        ["Mathlib.Tactic transitive imports (legacy)", "b8a138cf98cb75bc"],
        ["Mathlib.Tactic:importAllArts", "2ddee1d062badb4c"],
        ["SunflowerLean.Basic transitive imports (legacy)", "3ce917a07698e3d7"],
        ["SunflowerLean.Basic:importAllArts", "6ee1bccd1d723faf"],
        ["SunflowerLean.LocalTuran transitive imports (legacy)",
         "afd69a83fb5ac9c6"],
        ["SunflowerLean.LocalTuran:importAllArts", "587aaad4301f9c53"],
        ["SunflowerLean.Slice transitive imports (legacy)", "ba3805f660f3b614"],
        ["SunflowerLean.Slice:importAllArts", "37bc414d42e2c237"]]]]],
    ["libs",
     [["import dynlibs", "00000000000006bb"],
      ["package external libraries", "00000000000006bb"],
      ["module dynlibs", "00000000000006bb"],
      ["module plugins", "00000000000006bb"]]]]],
  ["Lean 4.26.0, commit d8204c9fd894f91bbb2cdfec5912ec8196fd8562",
   "9c9419104e9584f8"],
  ["/Users/codymitchell/Documents/code/sunflower-lean/SunflowerLean/BalanceCore.lean",
   "5a3186ce2721ec78"],
  ["options",
   [["-DmaxSynthPendingDepth=3", "c78e353d34de85d4"],
    ["-Dweak.linter.mathlibStandardSet=true", "8a155799906f2b42"],
    ["-DrelaxedAutoImplicit=false", "74a2b5546b55be80"],
    ["-Dpp.unicode.fun=true", "9b94070140457fab"]]],
  ["Module.leanArgs: #[]", "00000000000006bb"]],
 "depHash": "fc869d2905f84d60"}