{"synthetic": false,
 "schemaVersion": "2025-09-10",
 "outputs":
 {"o": ["cb9e2b56884ae347.olean"],
  "i": "9f6c9d4e8cfef03e.ilean",
  "c": "50e17e9274f599a3.c"},
 "log":
 [{"message":
   ".> LEAN_PATH=/Users/codymitchell/Documents/code/sunflower-lean/.lake/packages/Cli/.lake/build/lib/lean:/Users/codymitchell/Documents/code/sunflower-lean/.lake/packages/batteries/.lake/build/lib/lean:/Users/codymitchell/Documents/code/sunflower-lean/.lake/packages/Qq/.lake/build/lib/lean:/Users/codymitchell/Documents/code/sunflower-lean/.lake/packages/aesop/.lake/build/lib/lean:/Users/codymitchell/Documents/code/sunflower-lean/.lake/packages/proofwidgets/.lake/build/lib/lean:/Users/codymitchell/Documents/code/sunflower-lean/.lake/packages/importGraph/.lake/build/lib/lean:/Users/codymitchell/Documents/code/sunflower-lean/.lake/packages/LeanSearchClient/.lake/build/lib/lean:/Users/codymitchell/Documents/code/sunflower-lean/.lake/packages/plausible/.lake/build/lib/lean:/Users/codymitchell/Documents/code/sunflower-lean/.lake/packages/mathlib/.lake/build/lib/lean:/Users/codymitchell/Documents/code/sunflower-lean/.lake/build/lib/lean /Users/codymitchell/.elan/toolchains/leanprover--lean4---v4.26.0/bin/lean /Users/codymitchell/Documents/code/sunflower-lean/SunflowerLean/PairWeightCountingB.lean -o /Users/codymitchell/Documents/code/sunflower-lean/.lake/build/lib/lean/SunflowerLean/PairWeightCountingB.olean -i /Users/codymitchell/Documents/code/sunflower-lean/.lake/build/lib/lean/SunflowerLean/PairWeightCountingB.ilean -c /Users/codymitchell/Documents/code/sunflower-lean/.lake/build/ir/SunflowerLean/PairWeightCountingB.c --setup /Users/codymitchell/Documents/code/sunflower-lean/.lake/build/ir/SunflowerLean/PairWeightCountingB.setup.json --json",
   "level": "trace"}],
 "inputs":
 [["SunflowerLean.PairWeightCountingB:deps",
   [["deps",
     [["sunflower_lean/SunflowerLean:extraDep",
       [["@sunflower_lean:extraDep", "00000000000006bb"]]],
      ["imports",
       [["SunflowerLean.PairWeightCountingA transitive imports (legacy)",
         "edce0eff79ce9a39"],
        ["SunflowerLean.PairWeightCountingA:importAllArts",
         "d6a0845eb9cb3710"]]]]],
    ["libs",
     [["import dynlibs", "00000000000006bb"],
      ["package external libraries", "00000000000006bb"],
      ["module dynlibs", "00000000000006bb"],
      ["module plugins", "00000000000006bb"]]]]],
  ["Lean 4.26.0, commit d8204c9fd894f91bbb2cdfec5912ec8196fd8562",
   "9c9419104e9584f8"],
  ["/Users/codymitchell/Documents/code/sunflower-lean/SunflowerLean/PairWeightCountingB.lean",
   "fcda89ef8de96477"],
  ["options",
   [["-DmaxSynthPendingDepth=3", "c78e353d34de85d4"],
    ["-Dweak.linter.mathlibStandardSet=true", "8a155799906f2b42"],
    ["-DrelaxedAutoImplicit=false", "74a2b5546b55be80"],
    ["-Dpp.unicode.fun=true", "9b94070140457fab"]]],
  ["Module.leanArgs: #[]", "00000000000006bb"]],
 "depHash": "a666657d6d9aa9c5"}