{"synthetic": false,
 "schemaVersion": "2025-09-10",
 "outputs":
 {"o": ["dbd53c78f78a79e8.olean"],
  "i": "cda55bd7c7f16449.ilean",
  "c": "60bba26dd8a70849.c"},
 "log":
 [{"message":
   ".> LEAN_PATH=/Users/codymitchell/Documents/code/sunflower-lean/.lake/packages/Cli/.lake/build/lib/lean:/Users/codymitchell/Documents/code/sunflower-lean/.lake/packages/batteries/.lake/build/lib/lean:/Users/codymitchell/Documents/code/sunflower-lean/.lake/packages/Qq/.lake/build/lib/lean:/Users/codymitchell/Documents/code/sunflower-lean/.lake/packages/aesop/.lake/build/lib/lean:/Users/codymitchell/Documents/code/sunflower-lean/.lake/packages/proofwidgets/.lake/build/lib/lean:/Users/codymitchell/Documents/code/sunflower-lean/.lake/packages/importGraph/.lake/build/lib/lean:/Users/codymitchell/Documents/code/sunflower-lean/.lake/packages/LeanSearchClient/.lake/build/lib/lean:/Users/codymitchell/Documents/code/sunflower-lean/.lake/packages/plausible/.lake/build/lib/lean:/Users/codymitchell/Documents/code/sunflower-lean/.lake/packages/mathlib/.lake/build/lib/lean:/Users/codymitchell/Documents/code/sunflower-lean/.lake/build/lib/lean /Users/codymitchell/.elan/toolchains/leanprover--lean4---v4.26.0/bin/lean /Users/codymitchell/Documents/code/sunflower-lean/SunflowerLean/PairWeight.lean -o /Users/codymitchell/Documents/code/sunflower-lean/.lake/build/lib/lean/SunflowerLean/PairWeight.olean -i /Users/codymitchell/Documents/code/sunflower-lean/.lake/build/lib/lean/SunflowerLean/PairWeight.ilean -c /Users/codymitchell/Documents/code/sunflower-lean/.lake/build/ir/SunflowerLean/PairWeight.c --setup /Users/codymitchell/Documents/code/sunflower-lean/.lake/build/ir/SunflowerLean/PairWeight.setup.json --json",
   "level": "trace"}],
 "inputs":
 [["SunflowerLean.PairWeight:deps",
   [["deps",
     [["sunflower_lean/SunflowerLean:extraDep",
       [["@sunflower_lean:extraDep", "00000000000006bb"]]],
      ["imports",
       [["SunflowerLean.BalanceCandidatesB transitive imports (legacy)",
         "306829ab86952838"],
        ["SunflowerLean.BalanceCandidatesB:importAllArts",
         "3c84576dff4debc0"]]]]],
    ["libs",
     [["import dynlibs", "00000000000006bb"],
      ["package external libraries", "00000000000006bb"],
      ["module dynlibs", "00000000000006bb"],
      ["module plugins", "00000000000006bb"]]]]],
  ["Lean 4.26.0, commit d8204c9fd894f91bbb2cdfec5912ec8196fd8562",
   "9c9419104e9584f8"],
  ["/Users/codymitchell/Documents/code/sunflower-lean/SunflowerLean/PairWeight.lean",
   "72136ebc79a76c1e"],
  ["options",
   [["-DmaxSynthPendingDepth=3", "c78e353d34de85d4"],
    ["-Dweak.linter.mathlibStandardSet=true", "8a155799906f2b42"],
    ["-DrelaxedAutoImplicit=false", "74a2b5546b55be80"],
    ["-Dpp.unicode.fun=true", "9b94070140457fab"]]],
  ["Module.leanArgs: #[]", "00000000000006bb"]],
 "depHash": "2b37051604b546f4"}