{"synthetic": false,
 "schemaVersion": "2025-09-10",
 "outputs":
 {"o": ["3fe31f81c12fdad5.olean"],
  "i": "7c67340a205573d1.ilean",
  "c": "1be164874222aaa4.c"},
 "log":
 [{"message":
   ".> LEAN_PATH=/Users/codymitchell/Documents/code/sunflower-lean/.lake/packages/Cli/.lake/build/lib/lean:/Users/codymitchell/Documents/code/sunflower-lean/.lake/packages/batteries/.lake/build/lib/lean:/Users/codymitchell/Documents/code/sunflower-lean/.lake/packages/Qq/.lake/build/lib/lean:/Users/codymitchell/Documents/code/sunflower-lean/.lake/packages/aesop/.lake/build/lib/lean:/Users/codymitchell/Documents/code/sunflower-lean/.lake/packages/proofwidgets/.lake/build/lib/lean:/Users/codymitchell/Documents/code/sunflower-lean/.lake/packages/importGraph/.lake/build/lib/lean:/Users/codymitchell/Documents/code/sunflower-lean/.lake/packages/LeanSearchClient/.lake/build/lib/lean:/Users/codymitchell/Documents/code/sunflower-lean/.lake/packages/plausible/.lake/build/lib/lean:/Users/codymitchell/Documents/code/sunflower-lean/.lake/packages/mathlib/.lake/build/lib/lean:/Users/codymitchell/Documents/code/sunflower-lean/.lake/build/lib/lean /Users/codymitchell/.elan/toolchains/leanprover--lean4---v4.26.0/bin/lean /Users/codymitchell/Documents/code/sunflower-lean/SunflowerLean/SATBridge.lean -o /Users/codymitchell/Documents/code/sunflower-lean/.lake/build/lib/lean/SunflowerLean/SATBridge.olean -i /Users/codymitchell/Documents/code/sunflower-lean/.lake/build/lib/lean/SunflowerLean/SATBridge.ilean -c /Users/codymitchell/Documents/code/sunflower-lean/.lake/build/ir/SunflowerLean/SATBridge.c --setup /Users/codymitchell/Documents/code/sunflower-lean/.lake/build/ir/SunflowerLean/SATBridge.setup.json --json",
   "level": "trace"},
  {"message":
   "SunflowerLean/SATBridge.lean:150:36: Using `native_decide` is not allowed in mathlib: because it trusts the entire Lean compiler (not just the Lean kernel), it could quite possibly be used to prove false.\n\nNote: This linter can be disabled with `set_option linter.style.nativeDecide false`",
   "level": "warning"},
  {"message":
   "SunflowerLean/SATBridge.lean:224:47: Using `native_decide` is not allowed in mathlib: because it trusts the entire Lean compiler (not just the Lean kernel), it could quite possibly be used to prove false.\n\nNote: This linter can be disabled with `set_option linter.style.nativeDecide false`",
   "level": "warning"},
  {"message":
   "SunflowerLean/SATBridge.lean:226:26: Using `native_decide` is not allowed in mathlib: because it trusts the entire Lean compiler (not just the Lean kernel), it could quite possibly be used to prove false.\n\nNote: This linter can be disabled with `set_option linter.style.nativeDecide false`",
   "level": "warning"},
  {"message":
   "SunflowerLean/SATBridge.lean:352:23: 'simp at hsome' is a flexible tactic modifying 'hsome'. Try 'simp?' and use the suggested 'simp only [...]'. Alternatively, use `suffices` to explicitly state the simplified form.\n\nNote: This linter can be disabled with `set_option linter.flexible false`",
   "level": "warning"},
  {"message":
   "SunflowerLean/SATBridge.lean:353:4: 'obtain ⟨rfl, rfl, rfl⟩ := hsome' uses 'hsome'!",
   "level": "info"},
  {"message":
   "SunflowerLean/SATBridge.lean:352:23: 'simp at hsome' is a flexible tactic modifying 'hsome'. Try 'simp?' and use the suggested 'simp only [...]'. Alternatively, use `suffices` to explicitly state the simplified form.\n\nNote: This linter can be disabled with `set_option linter.flexible false`",
   "level": "warning"},
  {"message":
   "SunflowerLean/SATBridge.lean:354:4: 'exact ⟨ha', hb', hc'⟩' uses 'hsome'!",
   "level": "info"},
  {"message":
   "SunflowerLean/SATBridge.lean:378:71: 'simp\n  -- Remaining: σ a = true, σ b = true, σ c = true → exfalso' is a flexible tactic modifying '⊢'. Try 'simp?' and use the suggested 'simp only [...]'. Alternatively, use `suffices` to explicitly state the simplified form.\n\nNote: This linter can be disabled with `set_option linter.flexible false`",
   "level": "warning"},
  {"message": "SunflowerLean/SATBridge.lean:380:2: 'exfalso' uses '⊢'!",
   "level": "info"},
  {"message":
   "SunflowerLean/SATBridge.lean:378:71: 'simp\n  -- Remaining: σ a = true, σ b = true, σ c = true → exfalso' is a flexible tactic modifying '⊢'. Try 'simp?' and use the suggested 'simp only [...]'. Alternatively, use `suffices` to explicitly state the simplified form.\n\nNote: This linter can be disabled with `set_option linter.flexible false`",
   "level": "warning"},
  {"message":
   "SunflowerLean/SATBridge.lean:382:2: 'let A := bitmaskToSubset n a' uses '⊢'!",
   "level": "info"},
  {"message":
   "SunflowerLean/SATBridge.lean:378:71: 'simp\n  -- Remaining: σ a = true, σ b = true, σ c = true → exfalso' is a flexible tactic modifying '⊢'. Try 'simp?' and use the suggested 'simp only [...]'. Alternatively, use `suffices` to explicitly state the simplified form.\n\nNote: This linter can be disabled with `set_option linter.flexible false`",
   "level": "warning"},
  {"message":
   "SunflowerLean/SATBridge.lean:383:2: 'let B := bitmaskToSubset n b' uses '⊢'!",
   "level": "info"},
  {"message":
   "SunflowerLean/SATBridge.lean:378:71: 'simp\n  -- Remaining: σ a = true, σ b = true, σ c = true → exfalso' is a flexible tactic modifying '⊢'. Try 'simp?' and use the suggested 'simp only [...]'. Alternatively, use `suffices` to explicitly state the simplified form.\n\nNote: This linter can be disabled with `set_option linter.flexible false`",
   "level": "warning"},
  {"message":
   "SunflowerLean/SATBridge.lean:384:2: 'let C := bitmaskToSubset n c' uses '⊢'!",
   "level": "info"},
  {"message":
   "SunflowerLean/SATBridge.lean:378:71: 'simp\n  -- Remaining: σ a = true, σ b = true, σ c = true → exfalso' is a flexible tactic modifying '⊢'. Try 'simp?' and use the suggested 'simp only [...]'. Alternatively, use `suffices` to explicitly state the simplified form.\n\nNote: This linter can be disabled with `set_option linter.flexible false`",
   "level": "warning"},
  {"message":
   "SunflowerLean/SATBridge.lean:403:2: 'let sub : Finset (Finset (Fin n)) := { A, B, C }' uses '⊢'!",
   "level": "info"},
  {"message":
   "SunflowerLean/SATBridge.lean:378:71: 'simp\n  -- Remaining: σ a = true, σ b = true, σ c = true → exfalso' is a flexible tactic modifying '⊢'. Try 'simp?' and use the suggested 'simp only [...]'. Alternatively, use `suffices` to explicitly state the simplified form.\n\nNote: This linter can be disabled with `set_option linter.flexible false`",
   "level": "warning"},
  {"message":
   "SunflowerLean/SATBridge.lean:404:2: 'have h_sub_F : sub ⊆ F := by\n  intro S hS\n  simp only [sub, Finset.mem_insert, Finset.mem_singleton] at hS\n  rcases hS with rfl | rfl | rfl <;> assumption' uses '⊢'!",
   "level": "info"},
  {"message":
   "SunflowerLean/SATBridge.lean:378:71: 'simp\n  -- Remaining: σ a = true, σ b = true, σ c = true → exfalso' is a flexible tactic modifying '⊢'. Try 'simp?' and use the suggested 'simp only [...]'. Alternatively, use `suffices` to explicitly state the simplified form.\n\nNote: This linter can be disabled with `set_option linter.flexible false`",
   "level": "warning"},
  {"message":
   "SunflowerLean/SATBridge.lean:417:2: 'have h_core : ∃ core : Finset (Fin n), ∀ S T : Finset (Fin n), S ∈ sub → T ∈ sub → S ≠ T → S ∩ T = core :=\n  by\n  refine ⟨A ∩ B, ?_⟩\n  intro S T hS hT hne\n  simp only [sub, Finset.mem_insert, Finset.mem_singleton] at hS hT\n  rcases hS with rfl | rfl | rfl <;> rcases hT with rfl | rfl | rfl\n  all_goals\n    first\n    | exact absurd rfl hne\n    | rfl\n    | exact Finset.inter_comm B A\n    | exact h_AC.symm\n    | exact h_BC.symm\n    | (rw [Finset.inter_comm C A]; exact h_AC.symm)\n    | (rw [Finset.inter_comm C B]; exact h_BC.symm)' uses '⊢'!",
   "level": "info"},
  {"message":
   "SunflowerLean/SATBridge.lean:378:71: 'simp\n  -- Remaining: σ a = true, σ b = true, σ c = true → exfalso' is a flexible tactic modifying '⊢'. Try 'simp?' and use the suggested 'simp only [...]'. Alternatively, use `suffices` to explicitly state the simplified form.\n\nNote: This linter can be disabled with `set_option linter.flexible false`",
   "level": "warning"},
  {"message":
   "SunflowerLean/SATBridge.lean:431:2: 'exact hfree sub h_sub_F ⟨h_card3, h_core⟩' uses '⊢'!",
   "level": "info"},
  {"message":
   "SunflowerLean/SATBridge.lean:441:39: This simp argument is unused:\n  List.length_nil\n\nHint: Omit it from the simp argument list.\n  simp only [countFalse, List.range_succ, List.filter_append, List.length_append, List.filter_cons,\n  ̲  ̲ ̲ ̲L̵i̵s̵t̵.̵f̵i̵l̵t̵e̵r̵_̵n̵i̵l̵,̵ ̵L̵i̵s̵t̵.̵l̵e̵n̵g̵t̵h̵_̵n̵i̵l̵]̵L̲i̲s̲t̲.̲f̲i̲l̲t̲e̲r̲_̲n̲i̲l̲]̲\n\nNote: This linter can be disabled with `set_option linter.unusedSimpArgs false`",
   "level": "warning"},
  {"message":
   "SunflowerLean/SATBridge.lean:469:56: This simp argument is unused:\n  List.filter_cons\n\nHint: Omit it from the simp argument list.\n  simp [countFalse, List.range_succ, List.range_zero, L̵i̵s̵t̵.̵f̵i̵l̵t̵e̵r̵_̵c̵o̵n̵s̵,̵List.filter_nil, h]\n\nNote: This linter can be disabled with `set_option linter.unusedSimpArgs false`",
   "level": "warning"},
  {"message":
   "SunflowerLean/SATBridge.lean:549:31: unused variable `hk`\n\nNote: This linter can be disabled with `set_option linter.unusedVariables false`",
   "level": "warning"},
  {"message":
   "SunflowerLean/SATBridge.lean:549:44: unused variable `hkN`\n\nNote: This linter can be disabled with `set_option linter.unusedVariables false`",
   "level": "warning"},
  {"message":
   "SunflowerLean/SATBridge.lean:593:50: unused variable `hji`\n\nNote: This linter can be disabled with `set_option linter.unusedVariables false`",
   "level": "warning"},
  {"message":
   "SunflowerLean/SATBridge.lean:628:2: The `show` tactic should only be used to indicate intermediate goal states for readability.\nHowever, this tactic invocation changed the goal. Please use `change` instead for these purposes.\n\nNote: This linter can be disabled with `set_option linter.style.show false`",
   "level": "warning"},
  {"message":
   "SunflowerLean/SATBridge.lean:784:27: This simp argument is unused:\n  Bool.or_eq_true\n\nHint: Omit it from the simp argument list.\n  simp only [̵B̵o̵o̵l̵.̵o̵r̵_̵e̵q̵_̵t̵r̵u̵e̵,̵ ̵b̵e̵q̵_̵i̵f̵f̵_̵e̵q̵,̵[̲b̲e̲q̲_̲i̲f̲f̲_̲e̲q̲,̲ decide_eq_false_iff_not, decide_eq_true_eq, not_le,\n  ̲  ̲ ̲ ̲ ̲ ̲ ̲ ̲ ̲ ̲ ̲ ̲ ̲ ̲ ̲ ̲ ̲ ̲ge_iff_le]\n\nNote: This linter can be disabled with `set_option linter.unusedSimpArgs false`",
   "level": "warning"},
  {"message":
   "SunflowerLean/SATBridge.lean:784:44: This simp argument is unused:\n  beq_iff_eq\n\nHint: Omit it from the simp argument list.\n  simp only [Bool.or_eq_true, b̵e̵q̵_̵i̵f̵f̵_̵e̵q̵,̵decide_eq_false_iff_not, decide_eq_true_eq, not_le,\n  ̲  ̲ ̲ ̲ ̲ ̲ ̲ ̲ ̲ ̲ ̲ ̲ ̲ ̲ ̲ ̲ ̲ ̲ge_iff_le]\n\nNote: This linter can be disabled with `set_option linter.unusedSimpArgs false`",
   "level": "warning"},
  {"message":
   "SunflowerLean/SATBridge.lean:809:21: This simp argument is unused:\n  Bool.or_eq_true\n\nHint: Omit it from the simp argument list.\n  simp only [̵B̵o̵o̵l̵.̵o̵r̵_̵e̵q̵_̵t̵r̵u̵e̵,̵ ̵b̵e̵q̵_̵i̵f̵f̵_̵e̵q̵,̵[̲b̲e̲q̲_̲i̲f̲f̲_̲e̲q̲,̲ decide_eq_false_iff_not, decide_eq_true_eq, not_le, ge_iff_le]\n\nNote: This linter can be disabled with `set_option linter.unusedSimpArgs false`",
   "level": "warning"},
  {"message":
   "SunflowerLean/SATBridge.lean:809:38: This simp argument is unused:\n  beq_iff_eq\n\nHint: Omit it from the simp argument list.\n  simp only [Bool.or_eq_true, b̵e̵q̵_̵i̵f̵f̵_̵e̵q̵,̵\n  ̵ ̵ ̵ ̵ ̵ ̵ ̵ ̵ ̵ ̵ ̵ ̵ ̵decide_eq_false_iff_not, decide_eq_true_eq, not_le, ge_iff_le]\n\nNote: This linter can be disabled with `set_option linter.unusedSimpArgs false`",
   "level": "warning"},
  {"message":
   "SunflowerLean/SATBridge.lean:810:37: This simp argument is unused:\n  decide_eq_true_eq\n\nHint: Omit it from the simp argument list.\n  simp only [Bool.or_eq_true, beq_iff_eq, decide_eq_false_iff_not, d̵e̵c̵i̵d̵e̵_̵e̵q̵_̵t̵r̵u̵e̵_̵e̵q̵,̵ ̵not_le, ge_iff_le]\n\nNote: This linter can be disabled with `set_option linter.unusedSimpArgs false`",
   "level": "warning"},
  {"message":
   "SunflowerLean/SATBridge.lean:714:8: 'simp [h_ce_0, h0]' is a flexible tactic modifying '⊢'. Try 'simp?' and use the suggested 'simp only [...]'. Alternatively, use `suffices` to explicitly state the simplified form.\n\nNote: This linter can be disabled with `set_option linter.flexible false`",
   "level": "warning"},
  {"message":
   "SunflowerLean/SATBridge.lean:715:8: 'rw [canon_register σ N B 0 0 (by omega) (by omega) hN]' uses '⊢'!",
   "level": "info"},
  {"message":
   "SunflowerLean/SATBridge.lean:739:12: 'simp [h_ce, hσi]' is a flexible tactic modifying '⊢'. Try 'simp?' and use the suggested 'simp only [...]'. Alternatively, use `suffices` to explicitly state the simplified form.\n\nNote: This linter can be disabled with `set_option linter.flexible false`",
   "level": "warning"},
  {"message":
   "SunflowerLean/SATBridge.lean:740:12: 'rw [canon_register σ N B i 0 (by omega) (by omega) hi_lt]' uses '⊢'!",
   "level": "info"},
  {"message":
   "SunflowerLean/SATBridge.lean:780:16: 'simp [hσi]' is a flexible tactic modifying '⊢'. Try 'simp?' and use the suggested 'simp only [...]'. Alternatively, use `suffices` to explicitly state the simplified form.\n\nNote: This linter can be disabled with `set_option linter.flexible false`",
   "level": "warning"},
  {"message":
   "SunflowerLean/SATBridge.lean:782:16: 'rw [canon_register σ N B (i - 1) (j - 1) (by omega) (by omega) (by omega),\n  canon_register σ N B i j (by omega) (by omega) hi_lt]' uses '⊢'!",
   "level": "info"},
  {"message":
   "SunflowerLean/SATBridge.lean:780:16: 'simp [hσi]' is a flexible tactic modifying '⊢'. Try 'simp?' and use the suggested 'simp only [...]'. Alternatively, use `suffices` to explicitly state the simplified form.\n\nNote: This linter can be disabled with `set_option linter.flexible false`",
   "level": "warning"},
  {"message": "SunflowerLean/SATBridge.lean:787:18: 'right' uses '⊢'!",
   "level": "info"},
  {"message":
   "SunflowerLean/SATBridge.lean:780:16: 'simp [hσi]' is a flexible tactic modifying '⊢'. Try 'simp?' and use the suggested 'simp only [...]'. Alternatively, use `suffices` to explicitly state the simplified form.\n\nNote: This linter can be disabled with `set_option linter.flexible false`",
   "level": "warning"},
  {"message": "SunflowerLean/SATBridge.lean:791:18: 'left' uses '⊢'!",
   "level": "info"},
  {"message":
   "SunflowerLean/SATBridge.lean:807:10: 'simp [hσi]' is a flexible tactic modifying '⊢'. Try 'simp?' and use the suggested 'simp only [...]'. Alternatively, use `suffices` to explicitly state the simplified form.\n\nNote: This linter can be disabled with `set_option linter.flexible false`",
   "level": "warning"},
  {"message":
   "SunflowerLean/SATBridge.lean:808:10: 'rw [canon_register σ N B (i - 1) (N - B - 1) (by omega) (by omega) (by omega)]' uses '⊢'!",
   "level": "info"},
  {"message":
   "SunflowerLean/SATBridge.lean:857:28: unused variable `hB`\n\nNote: This linter can be disabled with `set_option linter.unusedVariables false`",
   "level": "warning"},
  {"message":
   "SunflowerLean/SATBridge.lean:857:41: unused variable `hn`\n\nNote: This linter can be disabled with `set_option linter.unusedVariables false`",
   "level": "warning"},
  {"message":
   "SunflowerLean/SATBridge.lean:871:4: The `show` tactic should only be used to indicate intermediate goal states for readability.\nHowever, this tactic invocation changed the goal. Please use `change` instead for these purposes.\n\nNote: This linter can be disabled with `set_option linter.style.show false`",
   "level": "warning"},
  {"message":
   "SunflowerLean/SATBridge.lean:922:36: Using `native_decide` is not allowed in mathlib: because it trusts the entire Lean compiler (not just the Lean kernel), it could quite possibly be used to prove false.\n\nNote: This linter can be disabled with `set_option linter.style.nativeDecide false`",
   "level": "warning"}],
 "inputs":
 [["SunflowerLean.SATBridge:deps",
   [["deps",
     [["sunflower_lean/SunflowerLean:extraDep",
       [["@sunflower_lean:extraDep", "00000000000006bb"]]],
      ["imports",
       [["SunflowerLean.SmallCases transitive imports (legacy)",
         "5a2e6841ab689acd"],
        ["SunflowerLean.SmallCases:importAllArts", "527324209b2c59f5"],
        ["SunflowerLean.SATNative transitive imports (legacy)",
         "00000000000006bb"],
        ["SunflowerLean.SATNative:importAllArts", "d68ab74b8a56fad9"]]]]],
    ["libs",
     [["import dynlibs", "00000000000006bb"],
      ["package external libraries", "00000000000006bb"],
      ["module dynlibs", "00000000000006bb"],
      ["module plugins", "00000000000006bb"]]]]],
  ["Lean 4.26.0, commit d8204c9fd894f91bbb2cdfec5912ec8196fd8562",
   "9c9419104e9584f8"],
  ["/Users/codymitchell/Documents/code/sunflower-lean/SunflowerLean/SATBridge.lean",
   "25f74f83f57c5856"],
  ["options",
   [["-DmaxSynthPendingDepth=3", "c78e353d34de85d4"],
    ["-Dweak.linter.mathlibStandardSet=true", "8a155799906f2b42"],
    ["-DrelaxedAutoImplicit=false", "74a2b5546b55be80"],
    ["-Dpp.unicode.fun=true", "9b94070140457fab"]]],
  ["Module.leanArgs: #[]", "00000000000006bb"]],
 "depHash": "8f2443a7baafe79d"}