{"synthetic": false,
 "schemaVersion": "2025-09-10",
 "outputs":
 {"o": ["6f894b1c1bc85cc3.olean"],
  "i": "aa9e1a9a1a1d2be5.ilean",
  "c": "857e0eb1a8fb8026.c"},
 "log":
 [{"message":
   ".> LEAN_PATH=/Users/codymitchell/Documents/code/sunflower-lean/.lake/packages/Cli/.lake/build/lib/lean:/Users/codymitchell/Documents/code/sunflower-lean/.lake/packages/batteries/.lake/build/lib/lean:/Users/codymitchell/Documents/code/sunflower-lean/.lake/packages/Qq/.lake/build/lib/lean:/Users/codymitchell/Documents/code/sunflower-lean/.lake/packages/aesop/.lake/build/lib/lean:/Users/codymitchell/Documents/code/sunflower-lean/.lake/packages/proofwidgets/.lake/build/lib/lean:/Users/codymitchell/Documents/code/sunflower-lean/.lake/packages/importGraph/.lake/build/lib/lean:/Users/codymitchell/Documents/code/sunflower-lean/.lake/packages/LeanSearchClient/.lake/build/lib/lean:/Users/codymitchell/Documents/code/sunflower-lean/.lake/packages/plausible/.lake/build/lib/lean:/Users/codymitchell/Documents/code/sunflower-lean/.lake/packages/mathlib/.lake/build/lib/lean:/Users/codymitchell/Documents/code/sunflower-lean/.lake/build/lib/lean /Users/codymitchell/.elan/toolchains/leanprover--lean4---v4.26.0/bin/lean /Users/codymitchell/Documents/code/sunflower-lean/SunflowerLean/SATUpperBound.lean -o /Users/codymitchell/Documents/code/sunflower-lean/.lake/build/lib/lean/SunflowerLean/SATUpperBound.olean -i /Users/codymitchell/Documents/code/sunflower-lean/.lake/build/lib/lean/SunflowerLean/SATUpperBound.ilean -c /Users/codymitchell/Documents/code/sunflower-lean/.lake/build/ir/SunflowerLean/SATUpperBound.c --setup /Users/codymitchell/Documents/code/sunflower-lean/.lake/build/ir/SunflowerLean/SATUpperBound.setup.json --json",
   "level": "trace"},
  {"message": "SunflowerLean/SATUpperBound.lean:70:8: declaration uses 'sorry'",
   "level": "warning"}],
 "inputs":
 [["SunflowerLean.SATUpperBound:deps",
   [["deps",
     [["sunflower_lean/SunflowerLean:extraDep",
       [["@sunflower_lean:extraDep", "00000000000006bb"]]],
      ["imports",
       [["SunflowerLean.SATBridge transitive imports (legacy)",
         "60b8604bea948108"],
        ["SunflowerLean.SATBridge:importAllArts", "45e2c634e24504fe"],
        ["Mathlib.Tactic.Sat.FromLRAT transitive imports (legacy)",
         "f0ec33e8dadc0cd0"],
        ["Mathlib.Tactic.Sat.FromLRAT:importAllArts", "baaa3c178e106874"]]]]],
    ["libs",
     [["import dynlibs", "00000000000006bb"],
      ["package external libraries", "00000000000006bb"],
      ["module dynlibs", "00000000000006bb"],
      ["module plugins", "00000000000006bb"]]]]],
  ["Lean 4.26.0, commit d8204c9fd894f91bbb2cdfec5912ec8196fd8562",
   "9c9419104e9584f8"],
  ["/Users/codymitchell/Documents/code/sunflower-lean/SunflowerLean/SATUpperBound.lean",
   "d9af52ff0dc4b2c8"],
  ["options",
   [["-DmaxSynthPendingDepth=3", "c78e353d34de85d4"],
    ["-Dweak.linter.mathlibStandardSet=true", "8a155799906f2b42"],
    ["-DrelaxedAutoImplicit=false", "74a2b5546b55be80"],
    ["-Dpp.unicode.fun=true", "9b94070140457fab"]]],
  ["Module.leanArgs: #[]", "00000000000006bb"]],
 "depHash": "df6a020aca32fe3d"}